0 info it worked if it ends with ok
1 verbose cli [ '/usr/local/bin/node', '/usr/local/bin/npm', 'start' ]
2 info using npm@3.7.3
3 info using node@v5.8.0
4 verbose run-script [ 'prestart', 'start', 'poststart' ]
5 info lifecycle es6@1.0.0~prestart: es6@1.0.0
6 verbose lifecycle es6@1.0.0~prestart: unsafe-perm in lifecycle true
7 verbose lifecycle es6@1.0.0~prestart: PATH: /usr/local/lib/node_modules/npm/bin/node-gyp-bin:/Users/rlazarony/dev/es6/node_modules/.bin:/usr/local/bin:/usr/local/bin:/usr/bin:/bin:/usr/sbin:/sbin
8 verbose lifecycle es6@1.0.0~prestart: CWD: /Users/rlazarony/dev/es6
9 silly lifecycle es6@1.0.0~prestart: Args: [ '-c', 'babel hello.es6 -o app.js' ]
10 silly lifecycle es6@1.0.0~prestart: Returned: code: 2  signal: null
11 info lifecycle es6@1.0.0~prestart: Failed to exec prestart script
12 verbose stack Error: es6@1.0.0 prestart: `babel hello.es6 -o app.js`
12 verbose stack Exit status 2
12 verbose stack     at EventEmitter.<anonymous> (/usr/local/lib/node_modules/npm/lib/utils/lifecycle.js:239:16)
12 verbose stack     at emitTwo (events.js:100:13)
12 verbose stack     at EventEmitter.emit (events.js:185:7)
12 verbose stack     at ChildProcess.<anonymous> (/usr/local/lib/node_modules/npm/lib/utils/spawn.js:24:14)
12 verbose stack     at emitTwo (events.js:100:13)
12 verbose stack     at ChildProcess.emit (events.js:185:7)
12 verbose stack     at maybeClose (internal/child_process.js:850:16)
12 verbose stack     at Process.ChildProcess._handle.onexit (internal/child_process.js:215:5)
13 verbose pkgid es6@1.0.0
14 verbose cwd /Users/rlazarony/dev/es6
15 error Darwin 14.5.0
16 error argv "/usr/local/bin/node" "/usr/local/bin/npm" "start"
17 error node v5.8.0
18 error npm  v3.7.3
19 error code ELIFECYCLE
20 error es6@1.0.0 prestart: `babel hello.es6 -o app.js`
20 error Exit status 2
21 error Failed at the es6@1.0.0 prestart script 'babel hello.es6 -o app.js'.
21 error Make sure you have the latest version of node.js and npm installed.
21 error If you do, this is most likely a problem with the es6 package,
21 error not with npm itself.
21 error Tell the author that this fails on your system:
21 error     babel hello.es6 -o app.js
21 error You can get information on how to open an issue for this project with:
21 error     npm bugs es6
21 error Or if that isn't available, you can get their info via:
21 error     npm owner ls es6
21 error There is likely additional logging output above.
22 verbose exit [ 1, true ]
